LOG DATE: 2021-07-13
LOG TIME: 12:05:07
Platform: Windows 10
CPU load: 8%
Total Memory(100%): 15741MB
Used Memory(29%): 4550MB
Total Space(100%): 487244MB
Used Space(20%): 97160MB

LOG DATE: 2021-07-13
LOG TIME: 12:05:20
Platform: Windows 10
CPU load: 1%
Total Memory(100%): 15741MB
Used Memory(29%): 4547MB
Total Space(100%): 487244MB
Used Space(20%): 97156MB

LOG DATE: 2021-07-13
LOG TIME: 12:12:49
Platform: Windows 10
CPU load: 5%
Total Memory(100%): 15741MB
Used Memory(23%): 3626MB
Total Space(100%): 487244MB
Used Space(20%): 97152MB

LOG DATE: 2021-07-13
LOG TIME: 12:13:03
Platform: Windows 10
CPU load: 4%
Total Memory(100%): 15741MB
Used Memory(23%): 3594MB
Total Space(100%): 487244MB
Used Space(20%): 97153MB

LOG DATE: 2021-07-13
LOG TIME: 13:14:31
Platform: Windows 10
CPU load: 4%
Total Memory(100%): 15741MB
Used Memory(29%): 4489MB
Total Space(100%): 487244MB
Used Space(20%): 97164MB

LOG DATE: 2021-07-13
LOG TIME: 13:14:45
Platform: Windows 10
CPU load: 0%
Total Memory(100%): 15741MB
Used Memory(29%): 4523MB
Total Space(100%): 487244MB
Used Space(20%): 97164MB

LOG DATE: 2021-07-13
LOG TIME: 13:15:58
Platform: Windows 10
CPU load: 3%
Total Memory(100%): 15741MB
Used Memory(29%): 4540MB
Total Space(100%): 487244MB
Used Space(20%): 97165MB

LOG DATE: 2021-07-13
LOG TIME: 13:16:11
Platform: Windows 10
CPU load: 3%
Total Memory(100%): 15741MB
Used Memory(29%): 4554MB
Total Space(100%): 487244MB
Used Space(20%): 97166MB

LOG DATE: 2021-07-13
LOG TIME: 13:19:56
Platform: Windows 10
CPU load: 3%
Total Memory(100%): 15741MB
Used Memory(29%): 4523MB
Total Space(100%): 487244MB
Used Space(20%): 97160MB

LOG DATE: 2021-07-13
LOG TIME: 13:20:15
Platform: Windows 10
CPU load: 1%
Total Memory(100%): 15741MB
Used Memory(29%): 4561MB
Total Space(100%): 487244MB
Used Space(20%): 97162MB

LOG DATE: 2021-07-13
LOG TIME: 13:20:20
Platform: Windows 10
CPU load: 4%
Total Memory(100%): 15741MB
Used Memory(29%): 4547MB
Total Space(100%): 487244MB
Used Space(20%): 97162MB

LOG DATE: 2021-07-13
LOG TIME: 13:20:34
Platform: Windows 10
CPU load: 1%
Total Memory(100%): 15741MB
Used Memory(29%): 4555MB
Total Space(100%): 487244MB
Used Space(20%): 97163MB

LOG DATE: 2021-07-13
LOG TIME: 13:21:16
Platform: Windows 10
CPU load: 3%
Total Memory(100%): 15741MB
Used Memory(29%): 4582MB
Total Space(100%): 487244MB
Used Space(20%): 97164MB

LOG DATE: 2021-07-13
LOG TIME: 13:21:30
Platform: Windows 10
CPU load: 0%
Total Memory(100%): 15741MB
Used Memory(29%): 4593MB
Total Space(100%): 487244MB
Used Space(20%): 97165MB

LOG DATE: 2021-07-13
LOG TIME: 13:25:03
Platform: Windows 10
CPU load: 0%
Total Memory(100%): 15741MB
Used Memory(29%): 4604MB
Total Space(100%): 487244MB
Used Space(20%): 97169MB

LOG DATE: 2021-07-13
LOG TIME: 13:25:16
Platform: Windows 10
CPU load: 0%
Total Memory(100%): 15741MB
Used Memory(29%): 4630MB
Total Space(100%): 487244MB
Used Space(20%): 97169MB

LOG DATE: 2021-07-13
LOG TIME: 13:25:28
Platform: Windows 10
CPU load: 0%
Total Memory(100%): 15741MB
Used Memory(29%): 4612MB
Total Space(100%): 487244MB
Used Space(20%): 97170MB

LOG DATE: 2021-07-13
LOG TIME: 13:25:42
Platform: Windows 10
CPU load: 2%
Total Memory(100%): 15741MB
Used Memory(29%): 4627MB
Total Space(100%): 487244MB
Used Space(20%): 97170MB

