LOGGED ON 2021-06-08 13:56:06.574
CPU load: -100%
Total Memory(MB): 15741.3046875
Free Memory(MB): 9494.6796875
Used Memory(MB): 6246.625
JVM Allocated Memory(MB): 16384.0
Total space(100%):487244MB   Used space(19%):91157MB

LOGGED ON 2021-06-08 13:56:07.557
CPU load: 17%
Total Memory(MB): 15741.3046875
Free Memory(MB): 9484.95703125
Used Memory(MB): 6256.34765625
JVM Allocated Memory(MB): 16384.0
Total space(100%):487244MB   Used space(19%):91157MB

LOGGED ON 2021-06-08 13:56:08.557
CPU load: 8%
Total Memory(MB): 15741.3046875
Free Memory(MB): 9485.1953125
Used Memory(MB): 6256.109375
JVM Allocated Memory(MB): 16384.0
Total space(100%):487244MB   Used space(19%):91157MB

LOGGED ON 2021-06-08 13:56:09.558
CPU load: 5%
Total Memory(MB): 15741.3046875
Free Memory(MB): 9489.77734375
Used Memory(MB): 6251.52734375
JVM Allocated Memory(MB): 16384.0
Total space(100%):487244MB   Used space(19%):91157MB

LOGGED ON 2021-06-08 13:56:10.558
CPU load: 2%
Total Memory(MB): 15741.3046875
Free Memory(MB): 9486.078125
Used Memory(MB): 6255.2265625
JVM Allocated Memory(MB): 16384.0
Total space(100%):487244MB   Used space(19%):91157MB

LOGGED ON 2021-06-08 13:56:11.558
CPU load: 7%
Total Memory(MB): 15741.3046875
Free Memory(MB): 9492.62890625
Used Memory(MB): 6248.67578125
JVM Allocated Memory(MB): 16384.0
Total space(100%):487244MB   Used space(19%):91157MB

LOGGED ON 2021-06-08 13:56:12.558
CPU load: 5%
Total Memory(MB): 15741.3046875
Free Memory(MB): 9492.70703125
Used Memory(MB): 6248.59765625
JVM Allocated Memory(MB): 16384.0
Total space(100%):487244MB   Used space(19%):91157MB

LOGGED ON 2021-06-08 13:56:13.558
CPU load: 2%
Total Memory(MB): 15741.3046875
Free Memory(MB): 9492.70703125
Used Memory(MB): 6248.59765625
JVM Allocated Memory(MB): 16384.0
Total space(100%):487244MB   Used space(19%):91157MB

LOGGED ON 2021-06-08 13:56:14.558
CPU load: 4%
Total Memory(MB): 15741.3046875
Free Memory(MB): 9495.48828125
Used Memory(MB): 6245.81640625
JVM Allocated Memory(MB): 16384.0
Total space(100%):487244MB   Used space(19%):91157MB

LOGGED ON 2021-06-08 13:56:15.559
CPU load: 2%
Total Memory(MB): 15741.3046875
Free Memory(MB): 9495.48828125
Used Memory(MB): 6245.81640625
JVM Allocated Memory(MB): 16384.0
Total space(100%):487244MB   Used space(19%):91157MB

LOGGED ON 2021-06-08 13:56:16.559
CPU load: 2%
Total Memory(MB): 15741.3046875
Free Memory(MB): 9488.19140625
Used Memory(MB): 6253.11328125
JVM Allocated Memory(MB): 16384.0
Total space(100%):487244MB   Used space(19%):91157MB

LOGGED ON 2021-06-08 13:57:00.249
CPU load: -100%
Total Memory(MB): 15741.3046875
Free Memory(MB): 9490.6953125
Used Memory(MB): 6250.609375
JVM Allocated Memory(MB): 16384.0
Total space(100%):487244MB   Used space(19%):91157MB

LOGGED ON 2021-06-08 13:57:01.228
CPU load: 5%
Total Memory(MB): 15741.3046875
Free Memory(MB): 9486.73046875
Used Memory(MB): 6254.57421875
JVM Allocated Memory(MB): 16384.0
Total space(100%):487244MB   Used space(19%):91157MB

LOGGED ON 2021-06-08 13:57:02.228
CPU load: 5%
Total Memory(MB): 15741.3046875
Free Memory(MB): 9486.734375
Used Memory(MB): 6254.5703125
JVM Allocated Memory(MB): 16384.0
Total space(100%):487244MB   Used space(19%):91157MB

LOGGED ON 2021-06-08 13:57:03.228
CPU load: 4%
Total Memory(MB): 15741.3046875
Free Memory(MB): 9486.734375
Used Memory(MB): 6254.5703125
JVM Allocated Memory(MB): 16384.0
Total space(100%):487244MB   Used space(19%):91157MB

LOGGED ON 2021-06-08 13:57:04.229
CPU load: 4%
Total Memory(MB): 15741.3046875
Free Memory(MB): 9481.43359375
Used Memory(MB): 6259.87109375
JVM Allocated Memory(MB): 16384.0
Total space(100%):487244MB   Used space(19%):91157MB

LOGGED ON 2021-06-08 13:57:05.23
CPU load: 2%
Total Memory(MB): 15741.3046875
Free Memory(MB): 9478.8359375
Used Memory(MB): 6262.46875
JVM Allocated Memory(MB): 16384.0
Total space(100%):487244MB   Used space(19%):91154MB

LOGGED ON 2021-06-08 13:57:06.23
CPU load: 2%
Total Memory(MB): 15741.3046875
Free Memory(MB): 9479.14453125
Used Memory(MB): 6262.16015625
JVM Allocated Memory(MB): 16384.0
Total space(100%):487244MB   Used space(19%):91154MB

LOGGED ON 2021-06-08 13:57:07.231
CPU load: 3%
Total Memory(MB): 15741.3046875
Free Memory(MB): 9479.31640625
Used Memory(MB): 6261.98828125
JVM Allocated Memory(MB): 16384.0
Total space(100%):487244MB   Used space(19%):91154MB

LOGGED ON 2021-06-08 13:57:08.231
CPU load: 1%
Total Memory(MB): 15741.3046875
Free Memory(MB): 9479.36328125
Used Memory(MB): 6261.94140625
JVM Allocated Memory(MB): 16384.0
Total space(100%):487244MB   Used space(19%):91154MB

LOGGED ON 2021-06-08 13:57:09.231
CPU load: 2%
Total Memory(MB): 15741.3046875
Free Memory(MB): 9479.390625
Used Memory(MB): 6261.9140625
JVM Allocated Memory(MB): 16384.0
Total space(100%):487244MB   Used space(19%):91154MB

LOGGED ON 2021-06-08 13:57:10.231
CPU load: 0%
Total Memory(MB): 15741.3046875
Free Memory(MB): 9480.7734375
Used Memory(MB): 6260.53125
JVM Allocated Memory(MB): 16384.0
Total space(100%):487244MB   Used space(19%):91154MB

LOGGED ON 2021-06-08 15:59:42.416
CPU load: -100%
Total Memory(MB): 15741.3046875
Free Memory(MB): 9071.28125
Used Memory(MB): 6670.0234375
JVM Allocated Memory(MB): 16384.0
Total space(100%):487244MB   Used space(19%):91179MB

LOGGED ON 2021-06-08 16:00:31.538
CPU load: -100%
Total Memory(MB): 15741.3046875
Free Memory(MB): 9067.45703125
Used Memory(MB): 6673.84765625
JVM Allocated Memory(MB): 16384.0
Total space(100%):487244MB   Used space(19%):91180MB

LOGGED ON 2021-06-08 16:08:43.625
CPU load: -100%
Total Memory(MB): 15741.3046875
Free Memory(MB): 9175.99609375
Used Memory(MB): 6565.30859375
JVM Allocated Memory(MB): 16384.0
Total space(100%):487244MB   Used space(19%):91170MB

LOGGED ON 2021-06-08 16:08:44.607
CPU load: 8%
Total Memory(MB): 15741.3046875
Free Memory(MB): 9167.015625
Used Memory(MB): 6574.2890625
JVM Allocated Memory(MB): 16384.0
Total space(100%):487244MB   Used space(19%):91170MB

LOGGED ON 2021-06-08 16:08:45.608
CPU load: 2%
Total Memory(MB): 15741.3046875
Free Memory(MB): 9155.59375
Used Memory(MB): 6585.7109375
JVM Allocated Memory(MB): 16384.0
Total space(100%):487244MB   Used space(19%):91170MB

LOGGED ON 2021-06-08 16:08:46.608
CPU load: 3%
Total Memory(MB): 15741.3046875
Free Memory(MB): 9156.92578125
Used Memory(MB): 6584.37890625
JVM Allocated Memory(MB): 16384.0
Total space(100%):487244MB   Used space(19%):91170MB

LOGGED ON 2021-06-08 16:08:47.608
CPU load: 4%
Total Memory(MB): 15741.3046875
Free Memory(MB): 9157.17578125
Used Memory(MB): 6584.12890625
JVM Allocated Memory(MB): 16384.0
Total space(100%):487244MB   Used space(19%):91170MB

LOGGED ON 2021-06-08 16:08:48.608
CPU load: 3%
Total Memory(MB): 15741.3046875
Free Memory(MB): 9157.30859375
Used Memory(MB): 6583.99609375
JVM Allocated Memory(MB): 16384.0
Total space(100%):487244MB   Used space(19%):91170MB

LOGGED ON 2021-06-08 16:08:49.609
CPU load: 1%
Total Memory(MB): 15741.3046875
Free Memory(MB): 9157.33203125
Used Memory(MB): 6583.97265625
JVM Allocated Memory(MB): 16384.0
Total space(100%):487244MB   Used space(19%):91170MB

LOGGED ON 2021-06-08 16:08:50.609
CPU load: 3%
Total Memory(MB): 15741.3046875
Free Memory(MB): 9160.0234375
Used Memory(MB): 6581.28125
JVM Allocated Memory(MB): 16384.0
Total space(100%):487244MB   Used space(19%):91170MB

LOGGED ON 2021-06-08 16:08:51.609
CPU load: 3%
Total Memory(MB): 15741.3046875
Free Memory(MB): 9161.5
Used Memory(MB): 6579.8046875
JVM Allocated Memory(MB): 16384.0
Total space(100%):487244MB   Used space(19%):91170MB

LOGGED ON 2021-06-08 16:08:52.609
CPU load: 2%
Total Memory(MB): 15741.3046875
Free Memory(MB): 9161.5
Used Memory(MB): 6579.8046875
JVM Allocated Memory(MB): 16384.0
Total space(100%):487244MB   Used space(19%):91170MB

LOGGED ON 2021-06-08 16:08:53.61
CPU load: 3%
Total Memory(MB): 15741.3046875
Free Memory(MB): 9158.2890625
Used Memory(MB): 6583.015625
JVM Allocated Memory(MB): 16384.0
Total space(100%):487244MB   Used space(19%):91170MB

LOGGED ON 2021-06-08 16:09:56.828
CPU load: -100%
Total Memory(MB): 15741.3046875
Free Memory(MB): 9163.97265625
Used Memory(MB): 6577.33203125
JVM Allocated Memory(MB): 16384.0
Total space(100%):487244MB   Used space(19%):91170MB

LOGGED ON 2021-06-08 16:09:57.809
CPU load: 10%
Total Memory(MB): 15741.3046875
Free Memory(MB): 9156.6640625
Used Memory(MB): 6584.640625
JVM Allocated Memory(MB): 16384.0
Total space(100%):487244MB   Used space(19%):91170MB

LOGGED ON 2021-06-08 16:09:58.81
CPU load: 3%
Total Memory(MB): 15741.3046875
Free Memory(MB): 9157.625
Used Memory(MB): 6583.6796875
JVM Allocated Memory(MB): 16384.0
Total space(100%):487244MB   Used space(19%):91170MB

LOGGED ON 2021-06-08 16:09:59.811
CPU load: 3%
Total Memory(MB): 15741.3046875
Free Memory(MB): 9157.46875
Used Memory(MB): 6583.8359375
JVM Allocated Memory(MB): 16384.0
Total space(100%):487244MB   Used space(19%):91170MB

LOGGED ON 2021-06-08 16:10:00.811
CPU load: 3%
Total Memory(MB): 15741.3046875
Free Memory(MB): 9156.0390625
Used Memory(MB): 6585.265625
JVM Allocated Memory(MB): 16384.0
Total space(100%):487244MB   Used space(19%):91169MB

LOGGED ON 2021-06-08 16:10:01.811
CPU load: 4%
Total Memory(MB): 15741.3046875
Free Memory(MB): 9155.765625
Used Memory(MB): 6585.5390625
JVM Allocated Memory(MB): 16384.0
Total space(100%):487244MB   Used space(19%):91169MB

LOGGED ON 2021-06-08 16:10:15.265
CPU load: -100%
Total Memory(MB): 15741.3046875
Free Memory(MB): 9156.625
Used Memory(MB): 6584.6796875
JVM Allocated Memory(MB): 16384.0
Total space(100%):487244MB   Used space(19%):91170MB

LOGGED ON 2021-06-08 16:10:16.245
CPU load: 12%
Total Memory(MB): 15741.3046875
Free Memory(MB): 9142.890625
Used Memory(MB): 6598.4140625
JVM Allocated Memory(MB): 16384.0
Total space(100%):487244MB   Used space(19%):91170MB

LOGGED ON 2021-06-08 16:10:17.246
CPU load: 1%
Total Memory(MB): 15741.3046875
Free Memory(MB): 9143.34375
Used Memory(MB): 6597.9609375
JVM Allocated Memory(MB): 16384.0
Total space(100%):487244MB   Used space(19%):91170MB

LOGGED ON 2021-06-08 16:10:18.246
CPU load: 0%
Total Memory(MB): 15741.3046875
Free Memory(MB): 9141.703125
Used Memory(MB): 6599.6015625
JVM Allocated Memory(MB): 16384.0
Total space(100%):487244MB   Used space(19%):91170MB

LOGGED ON 2021-06-08 16:10:19.247
CPU load: 1%
Total Memory(MB): 15741.3046875
Free Memory(MB): 9141.671875
Used Memory(MB): 6599.6328125
JVM Allocated Memory(MB): 16384.0
Total space(100%):487244MB   Used space(19%):91170MB

LOGGED ON 2021-06-08 16:10:20.247
CPU load: 1%
Total Memory(MB): 15741.3046875
Free Memory(MB): 9144.23046875
Used Memory(MB): 6597.07421875
JVM Allocated Memory(MB): 16384.0
Total space(100%):487244MB   Used space(19%):91170MB

